2016-9-4-4:44:32: Updating volumes for the last 1 days
2016-9-4-4:46:42: Mail send result: 250: OK id=1bgFzN-0018ZY-VW

2016-9-4-4:46:59: Updating volumes for the last 1 days
2016-9-4-4:47:7: Mail send result: 250: OK id=1bgFzm-0018bV-9k

2016-9-4-4:47:16: Updating volumes for the last 1 days
2016-9-4-4:47:33: Mail send result: 250: OK id=1bgG0B-0018d5-46

2016-9-4-4:49:41: Updating volumes for the last 1 days
2016-9-4-4:50:35: Updating volumes for the last 1 days
2016-9-4-4:52:45: Updating volumes for the last 1 days
2016-9-4-4:55:4: Updating volumes for the last 1 days
2016-9-4-4:56:33: Updating volumes for the last 1 days
2016-9-4-4:57:19: Updating volumes for the last 1 days
2016-9-4-4:59:22: Updating volumes for the last 1 days
2016-9-4-5:1:9: Updating volumes for the last 1 days
2016-9-4-5:2:50: Updating volumes for the last 1 days
2016-9-4-5:4:25: Updating volumes for the last 2 days
2016-9-4-5:4:51: Updating volumes for the last 2 days
2016-9-4-5:6:29: Updating volumes for the last 2 days
2016-9-4-5:7:21: Updating volumes for the last 2 days
2016-9-4-5:8:4: Updating volumes for the last 2 days
2016-9-4-5:8:7: Mail send result: 250: OK id=1bgGKA-001Bmj-Af

2016-9-4-5:8:34: Updating volumes for the last 2 days
2016-9-4-5:8:37: Mail send result: 250: OK id=1bgGKe-001BqL-1f

2016-9-4-5:16:17: Updating volumes for the last 677 days
2016-9-4-5:20:10: Updating volumes for the last 677 days
2016-9-4-5:22:12: Mail send result: 250: OK id=1bgGXn-001EQ8-Pi

2016-9-18-17:32:42: Updating volumes for the last 10 days
2016-9-18-17:32:58: Mail send result: 250: OK id=1blWat-000OKg-3V

2016-9-18-21:43:7: Updating volumes for the last 2 days
2016-9-18-21:43:15: Mail send result: 250: OK id=1blaVB-000wTV-L5

2016-9-25-15:13:3: Updating volumes for the last 691 days
2016-9-25-15:15:38: Updating volumes for the last 691 days
2016-9-25-15:18:12: Mail send result: 250: OK id=1bo1pI-002ig0-UR

2016-10-31-17:33:21: Updating volumes for the last 20 days
2016-10-31-17:33:31: Mail send result: 250: OK id=1c16A5-001zzu-4t

2016-10-31-17:33:47: Updating volumes for the last 30 days
2016-10-31-17:33:57: Mail send result: 250: OK id=1c16AU-0020Gk-QB

2016-11-2-21:59:3: Updating volumes for the last 30 days
2016-11-2-21:59:12: Mail send result: 250: OK id=1c1tGY-000h0l-Ju

2017-3-24-20:1:45: Updating volumes for the last 150 days
2017-3-24-20:3:1: Mail send result: 250: OK id=1crL83-003Z4D-KT

